This is pdfTeX, Version 3.14159265-2.6-1.40.19 (TeX Live 2018) (preloaded format=pdflatex 2018.9.1)  15 JAN 2021 10:37
entering extended mode
 restricted \write18 enabled.
 file:line:error style messages enabled.
 %&-line parsing enabled.
**"/Users/sarabizjak/Documents/IÅ RM magistrski/CAGD/CAGD/Projekt/Porocilo.tex"
(/Users/sarabizjak/Documents/IÅ RM magistrski/CAGD/CAGD/Projekt/Porocilo.tex
LaTeX2e <2018-04-01> patch level 2
Babel <3.18> and hyphenation patterns for 84 language(s) loaded.
(/usr/local/texlive/2018/texmf-dist/tex/latex/base/article.cls
Document Class: article 2014/09/29 v1.4h Standard LaTeX document class
(/usr/local/texlive/2018/texmf-dist/tex/latex/base/size11.clo
File: size11.clo 2014/09/29 v1.4h Standard LaTeX file (size option)
)
\c@part=\count80
\c@section=\count81
\c@subsection=\count82
\c@subsubsection=\count83
\c@paragraph=\count84
\c@subparagraph=\count85
\c@figure=\count86
\c@table=\count87
\abovecaptionskip=\skip41
\belowcaptionskip=\skip42
\bibindent=\dimen102
) (/usr/local/texlive/2018/texmf-dist/tex/latex/a4wide/a4wide.sty
Package: a4wide 1994/08/30
 (/usr/local/texlive/2018/texmf-dist/tex/latex/ntgclass/a4.sty
Package: a4 2004/04/15 v1.2g A4 based page layout
)) (/usr/local/texlive/2018/texmf-dist/tex/latex/preprint/fullpage.sty
Package: fullpage 1999/02/23 1.1 (PWD)
\FP@margin=\skip43
) (/usr/local/texlive/2018/texmf-dist/tex/latex/base/inputenc.sty
Package: inputenc 2018/04/06 v1.3b Input encoding file
\inpenc@prehook=\toks14
\inpenc@posthook=\toks15
 (/usr/local/texlive/2018/texmf-dist/tex/latex/ucs/utf8x.def
File: utf8x.def 2004/10/17 UCS: Input encoding UTF-8
)) (/usr/local/texlive/2018/texmf-dist/tex/latex/ucs/ucs.sty
Package: ucs 2013/05/11 v2.2 UCS: Unicode input support
 (/usr/local/texlive/2018/texmf-dist/tex/latex/ucs/data/uni-global.def
File: uni-global.def 2013/05/13 UCS: Unicode global data
)
\uc@secondtry=\count88
\uc@combtoks=\toks16
\uc@combtoksb=\toks17
\uc@temptokena=\toks18
) (/usr/local/texlive/2018/texmf-dist/tex/latex/base/fontenc.sty
Package: fontenc 2017/04/05 v2.0i Standard LaTeX package
 (/usr/local/texlive/2018/texmf-dist/tex/latex/base/t1enc.def
File: t1enc.def 2017/04/05 v2.0i Standard LaTeX file
LaTeX Font Info:    Redeclaring font encoding T1 on input line 48.
)) (/usr/local/texlive/2018/texmf-dist/tex/generic/babel/babel.sty
Package: babel 2018/02/14 3.18 The Babel package
 (/usr/local/texlive/2018/texmf-dist/tex/generic/babel/switch.def
File: switch.def 2018/02/14 3.18 Babel switching mechanism
) (/usr/local/texlive/2018/texmf-dist/tex/generic/babel-slovenian/slovene.ldf
Language: slovene 2005/03/31 v1.2m Slovene support from the babel system
 (/usr/local/texlive/2018/texmf-dist/tex/generic/babel/babel.def
File: babel.def 2018/02/14 3.18 Babel common definitions
\babel@savecnt=\count89
\U@D=\dimen103
 (/usr/local/texlive/2018/texmf-dist/tex/generic/babel/txtbabel.def)
\bbl@dirlevel=\count90
)
Package babel Info: Making " an active character on input line 79.
)) (/usr/local/texlive/2018/texmf-dist/tex/latex/appendix/appendix.sty
Package: appendix 2009/09/02 v1.2b extra appendix facilities
\c@@pps=\count91
\c@@ppsavesec=\count92
\c@@ppsaveapp=\count93
) (/usr/local/texlive/2018/texmf-dist/tex/latex/graphics/graphicx.sty
Package: graphicx 2017/06/01 v1.1a Enhanced LaTeX Graphics (DPC,SPQR)
 (/usr/local/texlive/2018/texmf-dist/tex/latex/graphics/keyval.sty
Package: keyval 2014/10/28 v1.15 key=value parser (DPC)
\KV@toks@=\toks19
) (/usr/local/texlive/2018/texmf-dist/tex/latex/graphics/graphics.sty
Package: graphics 2017/06/25 v1.2c Standard LaTeX Graphics (DPC,SPQR)
 (/usr/local/texlive/2018/texmf-dist/tex/latex/graphics/trig.sty
Package: trig 2016/01/03 v1.10 sin cos tan (DPC)
) (/usr/local/texlive/2018/texmf-dist/tex/latex/graphics-cfg/graphics.cfg
File: graphics.cfg 2016/06/04 v1.11 sample graphics configuration
)
Package graphics Info: Driver file: pdftex.def on input line 99.
 (/usr/local/texlive/2018/texmf-dist/tex/latex/graphics-def/pdftex.def
File: pdftex.def 2018/01/08 v1.0l Graphics/color driver for pdftex
))
\Gin@req@height=\dimen104
\Gin@req@width=\dimen105
) (/usr/local/texlive/2018/texmf-dist/tex/latex/lm/lmodern.sty
Package: lmodern 2009/10/30 v1.6 Latin Modern Fonts
LaTeX Font Info:    Overwriting symbol font `operators' in version `normal'
(Font)                  OT1/cmr/m/n --> OT1/lmr/m/n on input line 22.
LaTeX Font Info:    Overwriting symbol font `letters' in version `normal'
(Font)                  OML/cmm/m/it --> OML/lmm/m/it on input line 23.
LaTeX Font Info:    Overwriting symbol font `symbols' in version `normal'
(Font)                  OMS/cmsy/m/n --> OMS/lmsy/m/n on input line 24.
LaTeX Font Info:    Overwriting symbol font `largesymbols' in version `normal'
(Font)                  OMX/cmex/m/n --> OMX/lmex/m/n on input line 25.
LaTeX Font Info:    Overwriting symbol font `operators' in version `bold'
(Font)                  OT1/cmr/bx/n --> OT1/lmr/bx/n on input line 26.
LaTeX Font Info:    Overwriting symbol font `letters' in version `bold'
(Font)                  OML/cmm/b/it --> OML/lmm/b/it on input line 27.
LaTeX Font Info:    Overwriting symbol font `symbols' in version `bold'
(Font)                  OMS/cmsy/b/n --> OMS/lmsy/b/n on input line 28.
LaTeX Font Info:    Overwriting symbol font `largesymbols' in version `bold'
(Font)                  OMX/cmex/m/n --> OMX/lmex/m/n on input line 29.
LaTeX Font Info:    Overwriting math alphabet `\mathbf' in version `normal'
(Font)                  OT1/cmr/bx/n --> OT1/lmr/bx/n on input line 31.
LaTeX Font Info:    Overwriting math alphabet `\mathsf' in version `normal'
(Font)                  OT1/cmss/m/n --> OT1/lmss/m/n on input line 32.
LaTeX Font Info:    Overwriting math alphabet `\mathit' in version `normal'
(Font)                  OT1/cmr/m/it --> OT1/lmr/m/it on input line 33.
LaTeX Font Info:    Overwriting math alphabet `\mathtt' in version `normal'
(Font)                  OT1/cmtt/m/n --> OT1/lmtt/m/n on input line 34.
LaTeX Font Info:    Overwriting math alphabet `\mathbf' in version `bold'
(Font)                  OT1/cmr/bx/n --> OT1/lmr/bx/n on input line 35.
LaTeX Font Info:    Overwriting math alphabet `\mathsf' in version `bold'
(Font)                  OT1/cmss/bx/n --> OT1/lmss/bx/n on input line 36.
LaTeX Font Info:    Overwriting math alphabet `\mathit' in version `bold'
(Font)                  OT1/cmr/bx/it --> OT1/lmr/bx/it on input line 37.
LaTeX Font Info:    Overwriting math alphabet `\mathtt' in version `bold'
(Font)                  OT1/cmtt/m/n --> OT1/lmtt/m/n on input line 38.
) (/usr/local/texlive/2018/texmf-dist/tex/latex/amsmath/amsmath.sty
Package: amsmath 2017/09/02 v2.17a AMS math features
\@mathmargin=\skip44

For additional information on amsmath, use the `?' option.
(/usr/local/texlive/2018/texmf-dist/tex/latex/amsmath/amstext.sty
Package: amstext 2000/06/29 v2.01 AMS text
 (/usr/local/texlive/2018/texmf-dist/tex/latex/amsmath/amsgen.sty
File: amsgen.sty 1999/11/30 v2.0 generic functions
\@emptytoks=\toks20
\ex@=\dimen106
)) (/usr/local/texlive/2018/texmf-dist/tex/latex/amsmath/amsbsy.sty
Package: amsbsy 1999/11/29 v1.2d Bold Symbols
\pmbraise@=\dimen107
) (/usr/local/texlive/2018/texmf-dist/tex/latex/amsmath/amsopn.sty
Package: amsopn 2016/03/08 v2.02 operator names
)
\inf@bad=\count94
LaTeX Info: Redefining \frac on input line 213.
\uproot@=\count95
\leftroot@=\count96
LaTeX Info: Redefining \overline on input line 375.
\classnum@=\count97
\DOTSCASE@=\count98
LaTeX Info: Redefining \ldots on input line 472.
LaTeX Info: Redefining \dots on input line 475.
LaTeX Info: Redefining \cdots on input line 596.
\Mathstrutbox@=\box26
\strutbox@=\box27
\big@size=\dimen108
LaTeX Font Info:    Redeclaring font encoding OML on input line 712.
LaTeX Font Info:    Redeclaring font encoding OMS on input line 713.
\macc@depth=\count99
\c@MaxMatrixCols=\count100
\dotsspace@=\muskip10
\c@parentequation=\count101
\dspbrk@lvl=\count102
\tag@help=\toks21
\row@=\count103
\column@=\count104
\maxfields@=\count105
\andhelp@=\toks22
\eqnshift@=\dimen109
\alignsep@=\dimen110
\tagshift@=\dimen111
\tagwidth@=\dimen112
\totwidth@=\dimen113
\lineht@=\dimen114
\@envbody=\toks23
\multlinegap=\skip45
\multlinetaggap=\skip46
\mathdisplay@stack=\toks24
LaTeX Info: Redefining \[ on input line 2817.
LaTeX Info: Redefining \] on input line 2818.
) (/usr/local/texlive/2018/texmf-dist/tex/latex/amsfonts/amssymb.sty
Package: amssymb 2013/01/14 v3.01 AMS font symbols
 (/usr/local/texlive/2018/texmf-dist/tex/latex/amsfonts/amsfonts.sty
Package: amsfonts 2013/01/14 v3.01 Basic AMSFonts support
\symAMSa=\mathgroup4
\symAMSb=\mathgroup5
LaTeX Font Info:    Overwriting math alphabet `\mathfrak' in version `bold'
(Font)                  U/euf/m/n --> U/euf/b/n on input line 106.
)) (/usr/local/texlive/2018/texmf-dist/tex/latex/amscls/amsthm.sty
Package: amsthm 2017/10/31 v2.20.4
\thm@style=\toks25
\thm@bodyfont=\toks26
\thm@headfont=\toks27
\thm@notefont=\toks28
\thm@headpunct=\toks29
\thm@preskip=\skip47
\thm@postskip=\skip48
\thm@headsep=\skip49
\dth@everypar=\toks30
) (/usr/local/texlive/2018/texmf-dist/tex/latex/mathtools/mathtools.sty
Package: mathtools 2018/01/08 v1.21 mathematical typesetting tools
 (/usr/local/texlive/2018/texmf-dist/tex/latex/tools/calc.sty
Package: calc 2017/05/25 v4.3 Infix arithmetic (KKT,FJ)
\calc@Acount=\count106
\calc@Bcount=\count107
\calc@Adimen=\dimen115
\calc@Bdimen=\dimen116
\calc@Askip=\skip50
\calc@Bskip=\skip51
LaTeX Info: Redefining \setlength on input line 80.
LaTeX Info: Redefining \addtolength on input line 81.
\calc@Ccount=\count108
\calc@Cskip=\skip52
) (/usr/local/texlive/2018/texmf-dist/tex/latex/mathtools/mhsetup.sty
Package: mhsetup 2017/03/31 v1.3 programming setup (MH)
)
LaTeX Info: Thecontrolsequence`\('isalreadyrobust on input line 129.
LaTeX Info: Thecontrolsequence`\)'isalreadyrobust on input line 129.
LaTeX Info: Thecontrolsequence`\['isalreadyrobust on input line 129.
LaTeX Info: Thecontrolsequence`\]'isalreadyrobust on input line 129.
\g_MT_multlinerow_int=\count109
\l_MT_multwidth_dim=\dimen117
\origjot=\skip53
\l_MT_shortvdotswithinadjustabove_dim=\dimen118
\l_MT_shortvdotswithinadjustbelow_dim=\dimen119
\l_MT_above_intertext_sep=\dimen120
\l_MT_below_intertext_sep=\dimen121
\l_MT_above_shortintertext_sep=\dimen122
\l_MT_below_shortintertext_sep=\dimen123
) (/usr/local/texlive/2018/texmf-dist/tex/latex/enumitem/enumitem.sty
Package: enumitem 2011/09/28 v3.5.2 Customized lists
\labelindent=\skip54
\enit@outerparindent=\dimen124
\enit@toks=\toks31
\enit@inbox=\box28
\enitdp@description=\count110
) (/usr/local/texlive/2018/texmf-dist/tex/latex/setspace/setspace.sty
Package: setspace 2011/12/19 v6.7a set line spacing
) (/usr/local/texlive/2018/texmf-dist/tex/latex/relsize/relsize.sty
Package: relsize 2013/03/29 ver 4.1
) (/usr/local/texlive/2018/texmf-dist/tex/latex/graphics/color.sty
Package: color 2016/07/10 v1.1e Standard LaTeX Color (DPC)
 (/usr/local/texlive/2018/texmf-dist/tex/latex/graphics-cfg/color.cfg
File: color.cfg 2016/01/02 v1.6 sample color configuration
)
Package color Info: Driver file: pdftex.def on input line 147.
) (/usr/local/texlive/2018/texmf-dist/tex/latex/listings/listings.sty
\lst@mode=\count111
\lst@gtempboxa=\box29
\lst@token=\toks32
\lst@length=\count112
\lst@currlwidth=\dimen125
\lst@column=\count113
\lst@pos=\count114
\lst@lostspace=\dimen126
\lst@width=\dimen127
\lst@newlines=\count115
\lst@lineno=\count116
\lst@maxwidth=\dimen128
 (/usr/local/texlive/2018/texmf-dist/tex/latex/listings/lstmisc.sty
File: lstmisc.sty 2015/06/04 1.6 (Carsten Heinz)
\c@lstnumber=\count117
\lst@skipnumbers=\count118
\lst@framebox=\box30
) (/usr/local/texlive/2018/texmf-dist/tex/latex/listings/listings.cfg
File: listings.cfg 2015/06/04 1.6 listings configuration
))
Package: listings 2015/06/04 1.6 (Carsten Heinz)
 (/usr/local/texlive/2018/texmf-dist/tex/latex/hyperref/hyperref.sty
Package: hyperref 2018/02/06 v6.86b Hypertext links for LaTeX
 (/usr/local/texlive/2018/texmf-dist/tex/generic/oberdiek/hobsub-hyperref.sty
Package: hobsub-hyperref 2016/05/16 v1.14 Bundle oberdiek, subset hyperref (HO)
 (/usr/local/texlive/2018/texmf-dist/tex/generic/oberdiek/hobsub-generic.sty
Package: hobsub-generic 2016/05/16 v1.14 Bundle oberdiek, subset generic (HO)
Package: hobsub 2016/05/16 v1.14 Construct package bundles (HO)
Package: infwarerr 2016/05/16 v1.4 Providing info/warning/error messages (HO)
Package: ltxcmds 2016/05/16 v1.23 LaTeX kernel commands for general use (HO)
Package: ifluatex 2016/05/16 v1.4 Provides the ifluatex switch (HO)
Package ifluatex Info: LuaTeX not detected.
Package: ifvtex 2016/05/16 v1.6 Detect VTeX and its facilities (HO)
Package ifvtex Info: VTeX not detected.
Package: intcalc 2016/05/16 v1.2 Expandable calculations with integers (HO)
Package: ifpdf 2017/03/15 v3.2 Provides the ifpdf switch
Package: etexcmds 2016/05/16 v1.6 Avoid name clashes with e-TeX commands (HO)
Package etexcmds Info: Could not find \expanded.
(etexcmds)             That can mean that you are not using pdfTeX 1.50 or
(etexcmds)             that some package has redefined \expanded.
(etexcmds)             In the latter case, load this package earlier.
Package: kvsetkeys 2016/05/16 v1.17 Key value parser (HO)
Package: kvdefinekeys 2016/05/16 v1.4 Define keys (HO)
Package: pdftexcmds 2018/01/30 v0.27 Utility functions of pdfTeX for LuaTeX (HO)
Package pdftexcmds Info: LuaTeX not detected.
Package pdftexcmds Info: \pdf@primitive is available.
Package pdftexcmds Info: \pdf@ifprimitive is available.
Package pdftexcmds Info: \pdfdraftmode found.
Package: pdfescape 2016/05/16 v1.14 Implements pdfTeX's escape features (HO)
Package: bigintcalc 2016/05/16 v1.4 Expandable calculations on big integers (HO)
Package: bitset 2016/05/16 v1.2 Handle bit-vector datatype (HO)
Package: uniquecounter 2016/05/16 v1.3 Provide unlimited unique counter (HO)
)
Package hobsub Info: Skipping package `hobsub' (already loaded).
Package: letltxmacro 2016/05/16 v1.5 Let assignment for LaTeX macros (HO)
Package: hopatch 2016/05/16 v1.3 Wrapper for package hooks (HO)
Package: xcolor-patch 2016/05/16 xcolor patch
Package: atveryend 2016/05/16 v1.9 Hooks at the very end of document (HO)
Package atveryend Info: \enddocument detected (standard20110627).
Package: atbegshi 2016/06/09 v1.18 At begin shipout hook (HO)
Package: refcount 2016/05/16 v3.5 Data extraction from label references (HO)
Package: hycolor 2016/05/16 v1.8 Color options for hyperref/bookmark (HO)
) (/usr/local/texlive/2018/texmf-dist/tex/generic/ifxetex/ifxetex.sty
Package: ifxetex 2010/09/12 v0.6 Provides ifxetex conditional
) (/usr/local/texlive/2018/texmf-dist/tex/latex/oberdiek/auxhook.sty
Package: auxhook 2016/05/16 v1.4 Hooks for auxiliary files (HO)
) (/usr/local/texlive/2018/texmf-dist/tex/latex/oberdiek/kvoptions.sty
Package: kvoptions 2016/05/16 v3.12 Key value format for package options (HO)
)
\@linkdim=\dimen129
\Hy@linkcounter=\count119
\Hy@pagecounter=\count120
 (/usr/local/texlive/2018/texmf-dist/tex/latex/hyperref/pd1enc.def
File: pd1enc.def 2018/02/06 v6.86b Hyperref: PDFDocEncoding definition (HO)
)
\Hy@SavedSpaceFactor=\count121
 (/usr/local/texlive/2018/texmf-dist/tex/latex/latexconfig/hyperref.cfg
File: hyperref.cfg 2002/06/06 v1.2 hyperref configuration of TeXLive
)
Package hyperref Info: Hyper figures OFF on input line 4509.
Package hyperref Info: Link nesting OFF on input line 4514.
Package hyperref Info: Hyper index ON on input line 4517.
Package hyperref Info: Plain pages OFF on input line 4524.
Package hyperref Info: Backreferencing OFF on input line 4529.
Package hyperref Info: Implicit mode ON; LaTeX internals redefined.
Package hyperref Info: Bookmarks ON on input line 4762.
\c@Hy@tempcnt=\count122
 (/usr/local/texlive/2018/texmf-dist/tex/latex/url/url.sty
\Urlmuskip=\muskip11
Package: url 2013/09/16  ver 3.4  Verb mode for urls, etc.
)
LaTeX Info: Redefining \url on input line 5115.
\XeTeXLinkMargin=\dimen130
\Fld@menulength=\count123
\Field@Width=\dimen131
\Fld@charsize=\dimen132
Package hyperref Info: Hyper figures OFF on input line 6369.
Package hyperref Info: Link nesting OFF on input line 6374.
Package hyperref Info: Hyper index ON on input line 6377.
Package hyperref Info: backreferencing OFF on input line 6384.
Package hyperref Info: Link coloring OFF on input line 6389.
Package hyperref Info: Link coloring with OCG OFF on input line 6394.
Package hyperref Info: PDF/A mode OFF on input line 6399.
LaTeX Info: Redefining \ref on input line 6439.
LaTeX Info: Redefining \pageref on input line 6443.
\Hy@abspage=\count124
\c@Item=\count125
\c@Hfootnote=\count126
)
Package hyperref Info: Driver (autodetected): hpdftex.
 (/usr/local/texlive/2018/texmf-dist/tex/latex/hyperref/hpdftex.def
File: hpdftex.def 2018/02/06 v6.86b Hyperref driver for pdfTeX
\Fld@listcount=\count127
\c@bookmark@seq@number=\count128
 (/usr/local/texlive/2018/texmf-dist/tex/latex/oberdiek/rerunfilecheck.sty
Package: rerunfilecheck 2016/05/16 v1.8 Rerun checks for auxiliary files (HO)
Package uniquecounter Info: New unique counter `rerunfilecheck' on input line 282.
)
\Hy@SectionHShift=\skip55
) (/usr/local/texlive/2018/texmf-dist/tex/latex/listings/lstlang1.sty
File: lstlang1.sty 2015/06/04 1.6 listings language file
)
\c@primer=\count129
 (/Users/sarabizjak/Documents/IÅ RM magistrski/CAGD/CAGD/Projekt/Porocilo.aux)
\openout1 = `Porocilo.aux'.

LaTeX Font Info:    Checking defaults for OML/cmm/m/it on input line 62.
LaTeX Font Info:    ... okay on input line 62.
LaTeX Font Info:    Checking defaults for T1/cmr/m/n on input line 62.
LaTeX Font Info:    ... okay on input line 62.
LaTeX Font Info:    Checking defaults for OT1/cmr/m/n on input line 62.
LaTeX Font Info:    ... okay on input line 62.
LaTeX Font Info:    Checking defaults for OMS/cmsy/m/n on input line 62.
LaTeX Font Info:    ... okay on input line 62.
LaTeX Font Info:    Checking defaults for OMX/cmex/m/n on input line 62.
LaTeX Font Info:    ... okay on input line 62.
LaTeX Font Info:    Checking defaults for U/cmr/m/n on input line 62.
LaTeX Font Info:    ... okay on input line 62.
LaTeX Font Info:    Checking defaults for PD1/pdf/m/n on input line 62.
LaTeX Font Info:    ... okay on input line 62.
LaTeX Font Info:    Try loading font information for T1+lmr on input line 62.
 (/usr/local/texlive/2018/texmf-dist/tex/latex/lm/t1lmr.fd
File: t1lmr.fd 2009/10/30 v1.6 Font defs for Latin Modern
) (/usr/local/texlive/2018/texmf-dist/tex/latex/ucs/ucsencs.def
File: ucsencs.def 2011/01/21 Fixes to fontencodings LGR, T3
) (/usr/local/texlive/2018/texmf-dist/tex/context/base/mkii/supp-pdf.mkii
[Loading MPS to PDF converter (version 2006.09.02).]
\scratchcounter=\count130
\scratchdimen=\dimen133
\scratchbox=\box31
\nofMPsegments=\count131
\nofMParguments=\count132
\everyMPshowfont=\toks33
\MPscratchCnt=\count133
\MPscratchDim=\dimen134
\MPnumerator=\count134
\makeMPintoPDFobject=\count135
\everyMPtoPDFconversion=\toks34
) (/usr/local/texlive/2018/texmf-dist/tex/latex/oberdiek/epstopdf-base.sty
Package: epstopdf-base 2016/05/15 v2.6 Base part for package epstopdf
 (/usr/local/texlive/2018/texmf-dist/tex/latex/oberdiek/grfext.sty
Package: grfext 2016/05/16 v1.2 Manage graphics extensions (HO)
)
Package epstopdf-base Info: Redefining graphics rule for `.eps' on input line 438.
Package grfext Info: Graphics extension search list:
(grfext)             [.pdf,.png,.jpg,.mps,.jpeg,.jbig2,.jb2,.PDF,.PNG,.JPG,.JPEG,.JBIG2,.JB2,.eps]
(grfext)             \AppendGraphicsExtensions on input line 456.
 (/usr/local/texlive/2018/texmf-dist/tex/latex/latexconfig/epstopdf-sys.cfg
File: epstopdf-sys.cfg 2010/07/13 v1.3 Configuration of (r)epstopdf for TeX Live
))
\c@lstlisting=\count136
\AtBeginShipoutBox=\box32
Package hyperref Info: Link coloring OFF on input line 62.
 (/usr/local/texlive/2018/texmf-dist/tex/latex/hyperref/nameref.sty
Package: nameref 2016/05/21 v2.44 Cross-referencing by name of section
 (/usr/local/texlive/2018/texmf-dist/tex/generic/oberdiek/gettitlestring.sty
Package: gettitlestring 2016/05/16 v1.5 Cleanup title references (HO)
)
\c@section@level=\count137
)
LaTeX Info: Redefining \ref on input line 62.
LaTeX Info: Redefining \pageref on input line 62.
LaTeX Info: Redefining \nameref on input line 62.
 (/Users/sarabizjak/Documents/IÅ RM magistrski/CAGD/CAGD/Projekt/Porocilo.out) (/Users/sarabizjak/Documents/IÅ RM magistrski/CAGD/CAGD/Projekt/Porocilo.out)
\@outlinefile=\write3
\openout3 = `Porocilo.out'.

 (/usr/local/texlive/2018/texmf-dist/tex/latex/ucs/data/uni-1.def
File: uni-1.def 2013/05/13 UCS: Unicode data U+0100..U+01FF
)
LaTeX Font Info:    Try loading font information for OT1+lmr on input line 65.
 (/usr/local/texlive/2018/texmf-dist/tex/latex/lm/ot1lmr.fd
File: ot1lmr.fd 2009/10/30 v1.6 Font defs for Latin Modern
)
LaTeX Font Info:    Try loading font information for OML+lmm on input line 65.
 (/usr/local/texlive/2018/texmf-dist/tex/latex/lm/omllmm.fd
File: omllmm.fd 2009/10/30 v1.6 Font defs for Latin Modern
)
LaTeX Font Info:    Try loading font information for OMS+lmsy on input line 65.
 (/usr/local/texlive/2018/texmf-dist/tex/latex/lm/omslmsy.fd
File: omslmsy.fd 2009/10/30 v1.6 Font defs for Latin Modern
)
LaTeX Font Info:    Try loading font information for OMX+lmex on input line 65.
 (/usr/local/texlive/2018/texmf-dist/tex/latex/lm/omxlmex.fd
File: omxlmex.fd 2009/10/30 v1.6 Font defs for Latin Modern
)
LaTeX Font Info:    External font `lmex10' loaded for size
(Font)              <12> on input line 65.
LaTeX Font Info:    External font `lmex10' loaded for size
(Font)              <8> on input line 65.
LaTeX Font Info:    External font `lmex10' loaded for size
(Font)              <6> on input line 65.
LaTeX Font Info:    Try loading font information for U+msa on input line 65.
 (/usr/local/texlive/2018/texmf-dist/tex/latex/amsfonts/umsa.fd
File: umsa.fd 2013/01/14 v3.01 AMS symbols A
)
LaTeX Font Info:    Try loading font information for U+msb on input line 65.
 (/usr/local/texlive/2018/texmf-dist/tex/latex/amsfonts/umsb.fd
File: umsb.fd 2013/01/14 v3.01 AMS symbols B
)
Package babel Info: Redefining slovene shorthand "|
(babel)             in language  on input line 66.
Package babel Info: Redefining slovene shorthand "|
(babel)             in language  on input line 79.
LaTeX Font Info:    External font `lmex10' loaded for size
(Font)              <10.95> on input line 81.
LaTeX Font Info:    Calculating math sizes for size <13.13995> on input line 90.
LaTeX Font Info:    External font `lmex10' loaded for size
(Font)              <13.13995> on input line 90.
LaTeX Font Info:    External font `lmex10' loaded for size
(Font)              <9.19792> on input line 90.
LaTeX Font Info:    External font `lmex10' loaded for size
(Font)              <6.56998> on input line 90.
Package babel Info: Redefining slovene shorthand "|
(babel)             in language  on input line 92.
Package babel Info: Redefining slovene shorthand "|
(babel)             in language  on input line 92.
 [1

{/usr/local/texlive/2018/texmf-var/fonts/map/pdftex/updmap/pdftex.map}]
Underfull \hbox (badness 10000) in paragraph at lines 94--96

 []

Package babel Info: Redefining slovene shorthand "|
(babel)             in language  on input line 100.

Overfull \hbox (13.30757pt too wide) in paragraph at lines 109--111
\T1/lmr/m/n/10.95 kjer so $[][]\OML/lmm/m/it/10.95 ; [][]; [][] \OMS/lmsy/m/n/10.95 2 \U/msb/m/n/10.95 R[]$ \T1/lmr/m/n/10.95 kon-trolne to£ke kri-vu-lje, $\OML/lmm/m/it/10.95 w$ \T1/lmr/m/n/10.95 uteº, ve-zana na kon-trolno to£ko $[][]$, $\OML/lmm/m/it/10.95 B[];  i \OT1/lmr/m/n/10.95 =  0\OML/lmm/m/it/10.95 ; \OT1/lmr/m/n/10.95 1\OML/lmm/m/it/10.95 ; \OT1/lmr/m/n/10.95 2\OML/lmm/m/it/10.95 ;$
 []

<vecanje_w1.png, id=72, 381.425pt x 586.69188pt>
File: vecanje_w1.png Graphic file (type png)
<use vecanje_w1.png>
Package pdftex.def Info: vecanje_w1.png  used on input line 122.
(pdftex.def)             Requested size: 199.16928pt x 306.35274pt.
Package babel Info: Redefining slovene shorthand "|
(babel)             in language  on input line 127.
Package babel Info: Redefining slovene shorthand "|
(babel)             in language  on input line 127.
[2]
<tri_oblike.png, id=82, 265.49188pt x 228.35312pt>
File: tri_oblike.png Graphic file (type png)
<use tri_oblike.png>
Package pdftex.def Info: tri_oblike.png  used on input line 132.
(pdftex.def)             Requested size: 184.9429pt x 159.07256pt.
Package babel Info: Redefining slovene shorthand "|
(babel)             in language  on input line 142.
Package babel Info: Redefining slovene shorthand "|
(babel)             in language  on input line 144.
Package babel Info: Redefining slovene shorthand "|
(babel)             in language  on input line 149.
Package babel Info: Redefining slovene shorthand "|
(babel)             in language  on input line 149.
 [3 </Users/sarabizjak/Documents/IÅ RM magistrski/CAGD/CAGD/Projekt/vecanje_w1.png> </Users/sarabizjak/Documents/IÅ RM magistrski/CAGD/CAGD/Projekt/tri_oblike.png>]
<krog_po_delih.png, id=93, 249.93375pt x 234.37563pt>
File: krog_po_delih.png Graphic file (type png)
<use krog_po_delih.png>
Package pdftex.def Info: krog_po_delih.png  used on input line 152.
(pdftex.def)             Requested size: 170.71652pt x 160.0957pt.

Underfull \hbox (badness 10000) in paragraph at lines 156--159

 []

Package babel Info: Redefining slovene shorthand "|
(babel)             in language  on input line 164.
<stozec.png, id=97, 1124.2pt x 843.15pt>
File: stozec.png Graphic file (type png)
<use stozec.png>
Package pdftex.def Info: stozec.png  used on input line 177.
(pdftex.def)             Requested size: 256.0748pt x 192.05493pt.

Overfull \hbox (29.59085pt too wide) in paragraph at lines 177--178
 [][] 
 []

<stozec_1.png, id=98, 1124.2pt x 843.15pt>
File: stozec_1.png Graphic file (type png)
<use stozec_1.png>
Package pdftex.def Info: stozec_1.png  used on input line 181.
(pdftex.def)             Requested size: 227.62204pt x 170.7112pt.

Overfull \hbox (1.13809pt too wide) in paragraph at lines 181--182
 [][] 
 []

Package babel Info: Redefining slovene shorthand "|
(babel)             in language  on input line 184.
Package babel Info: Redefining slovene shorthand "|
(babel)             in language  on input line 184.
[4 </Users/sarabizjak/Documents/IÅ RM magistrski/CAGD/CAGD/Projekt/krog_po_delih.png>]
Underfull \hbox (badness 10000) in paragraph at lines 185--188

 []

Package babel Info: Redefining slovene shorthand "|
(babel)             in language  on input line 195.

Package hyperref Warning: Composite letter `\textasciicaron+c'
(hyperref)                not defined in PD1 encoding,
(hyperref)                removing `\textasciicaron' on input line 195.

<stozec_presek_1.png, id=106, 1124.2pt x 843.15pt>
File: stozec_presek_1.png Graphic file (type png)
<use stozec_presek_1.png>
Package pdftex.def Info: stozec_presek_1.png  used on input line 202.
(pdftex.def)             Requested size: 227.62204pt x 170.7112pt.

Overfull \hbox (1.13809pt too wide) in paragraph at lines 202--203
 [][] 
 []

<stozec_presek_2.png, id=107, 1124.2pt x 843.15pt>
File: stozec_presek_2.png Graphic file (type png)
<use stozec_presek_2.png>
Package pdftex.def Info: stozec_presek_2.png  used on input line 206.
(pdftex.def)             Requested size: 227.62204pt x 170.7112pt.

Overfull \hbox (1.13809pt too wide) in paragraph at lines 206--207
 [][] 
 []

Package babel Info: Redefining slovene shorthand "|
(babel)             in language  on input line 227.

Package hyperref Warning: Composite letter `\textasciicaron+c'
(hyperref)                not defined in PD1 encoding,
(hyperref)                removing `\textasciicaron' on input line 227.

<stozec_tang_1.png, id=108, 1124.2pt x 843.15pt>
File: stozec_tang_1.png Graphic file (type png)
<use stozec_tang_1.png>
Package pdftex.def Info: stozec_tang_1.png  used on input line 240.
(pdftex.def)             Requested size: 227.62204pt x 170.7112pt.

Overfull \hbox (1.13809pt too wide) in paragraph at lines 240--241
 [][] 
 []

<stozec_tang_2.png, id=109, 1124.2pt x 843.15pt>
File: stozec_tang_2.png Graphic file (type png)
<use stozec_tang_2.png>
Package pdftex.def Info: stozec_tang_2.png  used on input line 244.
(pdftex.def)             Requested size: 227.62204pt x 170.7112pt.

Overfull \hbox (1.13809pt too wide) in paragraph at lines 244--245
 [][] 
 []

Package babel Info: Redefining slovene shorthand "|
(babel)             in language  on input line 248.
Package babel Info: Redefining slovene shorthand "|
(babel)             in language  on input line 248.
[5 </Users/sarabizjak/Documents/IÅ RM magistrski/CAGD/CAGD/Projekt/stozec.png (PNG copy)> </Users/sarabizjak/Documents/IÅ RM magistrski/CAGD/CAGD/Projekt/stozec_1.png (PNG copy)>]
Package babel Info: Redefining slovene shorthand "|
(babel)             in language  on input line 251.
Package babel Info: Redefining slovene shorthand "|
(babel)             in language  on input line 257.
Package babel Info: Redefining slovene shorthand "|
(babel)             in language  on input line 257.
 [6 </Users/sarabizjak/Documents/IÅ RM magistrski/CAGD/CAGD/Projekt/stozec_presek_1.png (PNG copy)> </Users/sarabizjak/Documents/IÅ RM magistrski/CAGD/CAGD/Projekt/stozec_presek_2.png (PNG copy)> </Users/sarabizjak/Documents/IÅ RM magistrski/CAGD/CAGD/Projekt/stozec_tang_1.png (PNG copy)> </Users/sarabizjak/Documents/IÅ RM magistrski/CAGD/CAGD/Projekt/stozec_tang_2.png (PNG copy)>]
Package babel Info: Redefining slovene shorthand "|
(babel)             in language  on input line 291.
Package babel Info: Redefining slovene shorthand "|
(babel)             in language  on input line 291.
 [7]
<kriv4_1b.png, id=127, 1698.345pt x 1232.605pt>
File: kriv4_1b.png Graphic file (type png)
<use kriv4_1b.png>
Package pdftex.def Info: kriv4_1b.png  used on input line 319.
(pdftex.def)             Requested size: 227.62204pt x 165.19078pt.

Overfull \hbox (1.13809pt too wide) in paragraph at lines 319--320
 [][] 
 []

<kriv4_1c.png, id=128, 1698.345pt x 1232.605pt>
File: kriv4_1c.png Graphic file (type png)
<use kriv4_1c.png>
Package pdftex.def Info: kriv4_1c.png  used on input line 323.
(pdftex.def)             Requested size: 199.16928pt x 144.53958pt.
<kriv4_2a.png, id=129, 1698.345pt x 1232.605pt>
File: kriv4_2a.png Graphic file (type png)
<use kriv4_2a.png>
Package pdftex.def Info: kriv4_2a.png  used on input line 331.
(pdftex.def)             Requested size: 227.62204pt x 165.19078pt.

Overfull \hbox (1.13809pt too wide) in paragraph at lines 331--332
 [][] 
 []

<kriv4_2c.png, id=130, 1698.345pt x 1232.605pt>
File: kriv4_2c.png Graphic file (type png)
<use kriv4_2c.png>
Package pdftex.def Info: kriv4_2c.png  used on input line 335.
(pdftex.def)             Requested size: 199.16928pt x 144.53958pt.
<kriv4_3a.png, id=133, 1698.345pt x 1232.605pt>
File: kriv4_3a.png Graphic file (type png)
<use kriv4_3a.png>
Package pdftex.def Info: kriv4_3a.png  used on input line 343.
(pdftex.def)             Requested size: 227.62204pt x 165.19078pt.

Overfull \hbox (1.13809pt too wide) in paragraph at lines 343--344
 [][] 
 []

<kriv4_3b.png, id=134, 1698.345pt x 1232.605pt>
File: kriv4_3b.png Graphic file (type png)
<use kriv4_3b.png>
Package pdftex.def Info: kriv4_3b.png  used on input line 347.
(pdftex.def)             Requested size: 227.62204pt x 165.19078pt.

Overfull \hbox (1.13809pt too wide) in paragraph at lines 347--348
 [][] 
 []

Package babel Info: Redefining slovene shorthand "|
(babel)             in language  on input line 355.

Package hyperref Warning: Composite letter `\textasciicaron+c'
(hyperref)                not defined in PD1 encoding,
(hyperref)                removing `\textasciicaron' on input line 355.

Package babel Info: Redefining slovene shorthand "|
(babel)             in language  on input line 358.
Package babel Info: Redefining slovene shorthand "|
(babel)             in language  on input line 358.
[8]
Package babel Info: Redefining slovene shorthand "|
(babel)             in language  on input line 358.
Package babel Info: Redefining slovene shorthand "|
(babel)             in language  on input line 358.
 [9 </Users/sarabizjak/Documents/IÅ RM magistrski/CAGD/CAGD/Projekt/kriv4_1b.png (PNG copy)> </Users/sarabizjak/Documents/IÅ RM magistrski/CAGD/CAGD/Projekt/kriv4_1c.png (PNG copy)> </Users/sarabizjak/Documents/IÅ RM magistrski/CAGD/CAGD/Projekt/kriv4_2a.png (PNG copy)> </Users/sarabizjak/Documents/IÅ RM magistrski/CAGD/CAGD/Projekt/kriv4_2c.png (PNG copy)> </Users/sarabizjak/Documents/IÅ RM magistrski/CAGD/CAGD/Projekt/kriv4_3a.png (PNG copy)> </Users/sarabizjak/Documents/IÅ RM magistrski/CAGD/CAGD/Projekt/kriv4_3b.png (PNG copy)>]
Package babel Info: Redefining slovene shorthand "|
(babel)             in language  on input line 392.
Package babel Info: Redefining slovene shorthand "|
(babel)             in language  on input line 392.
 [10]
Underfull \hbox (badness 10000) in paragraph at lines 411--413

 []

Package babel Info: Redefining slovene shorthand "|
(babel)             in language  on input line 427.
Package babel Info: Redefining slovene shorthand "|
(babel)             in language  on input line 427.
[11]
<graf.png, id=160, 324.46219pt x 307.1475pt>
File: graf.png Graphic file (type png)
<use graf.png>
Package pdftex.def Info: graf.png  used on input line 451.
(pdftex.def)             Requested size: 227.62204pt x 215.47981pt.
Package babel Info: Redefining slovene shorthand "|
(babel)             in language  on input line 460.


Package hyperref Warning: Composite letter `\textasciicaron+c'
(hyperref)                not defined in PD1 encoding,
(hyperref)                removing `\textasciicaron' on input line 460.

Package babel Info: Redefining slovene shorthand "|
(babel)             in language  on input line 468.
Package babel Info: Redefining slovene shorthand "|
(babel)             in language  on input line 468.
[12]
Package atveryend Info: Empty hook `BeforeClearDocument' on input line 483.
Package babel Info: Redefining slovene shorthand "|
(babel)             in language  on input line 483.
Package babel Info: Redefining slovene shorthand "|
(babel)             in language  on input line 483.
 [13 </Users/sarabizjak/Documents/IÅ RM magistrski/CAGD/CAGD/Projekt/graf.png>]
Package atveryend Info: Empty hook `AfterLastShipout' on input line 483.
 (/Users/sarabizjak/Documents/IÅ RM magistrski/CAGD/CAGD/Projekt/Porocilo.aux)
Package atveryend Info: Executing hook `AtVeryEndDocument' on input line 483.
Package atveryend Info: Executing hook `AtEndAfterFileList' on input line 483.
Package rerunfilecheck Info: File `Porocilo.out' has not changed.
(rerunfilecheck)             Checksum: 03EEF46C610A3E6B1C3ABF70F0DDE325;750.
Package atveryend Info: Empty hook `AtVeryVeryEnd' on input line 483.
 ) 
Here is how much of TeX's memory you used:
 10206 strings out of 492649
 148840 string characters out of 6129623
 287537 words of memory out of 5000000
 13843 multiletter control sequences out of 15000+600000
 78070 words of font info for 72 fonts, out of 8000000 for 9000
 1141 hyphenation exceptions out of 8191
 28i,13n,40p,437b,589s stack positions out of 5000i,500n,10000p,200000b,80000s
{/usr/local/texlive/2018/texmf-dist/fonts/enc/dvips/lm/lm-mathsy.enc}{/usr/local/texlive/2018/texmf-dist/fonts/enc/dvips/lm/lm-rm.enc}{/usr/local/texlive/2018/texmf-dist/fonts/enc/dvips/lm/lm-mathex.enc}{/usr/local/texlive/2018/texmf-dist/fonts/enc/dvips/lm/lm-ec.enc}{/usr/local/texlive/2018/texmf-dist/fonts/enc/dvips/lm/lm-mathit.enc}</usr/local/texlive/2018/texmf-dist/fonts/type1/public/lm/lmbx10.pfb></usr/local/texlive/2018/texmf-dist/fonts/type1/public/lm/lmbx12.pfb></usr/local/texlive/2018/texmf-dist/fonts/type1/public/lm/lmex10.pfb></usr/local/texlive/2018/texmf-dist/fonts/type1/public/lm/lmmi10.pfb></usr/local/texlive/2018/texmf-dist/fonts/type1/public/lm/lmmi8.pfb></usr/local/texlive/2018/texmf-dist/fonts/type1/public/lm/lmmib10.pfb></usr/local/texlive/2018/texmf-dist/fonts/type1/public/lm/lmr10.pfb></usr/local/texlive/2018/texmf-dist/fonts/type1/public/lm/lmr12.pfb></usr/local/texlive/2018/texmf-dist/fonts/type1/public/lm/lmr17.pfb></usr/local/texlive/2018/texmf-dist/fonts/type1/public/lm/lmr6.pfb></usr/local/texlive/2018/texmf-dist/fonts/type1/public/lm/lmr8.pfb></usr/local/texlive/2018/texmf-dist/fonts/type1/public/lm/lmri10.pfb></usr/local/texlive/2018/texmf-dist/fonts/type1/public/lm/lmsy10.pfb></usr/local/texlive/2018/texmf-dist/fonts/type1/public/lm/lmsy8.pfb></usr/local/texlive/2018/texmf-dist/fonts/type1/public/amsfonts/symbols/msbm10.pfb>
Output written on "/Users/sarabizjak/Documents/IÅ RM magistrski/CAGD/CAGD/Projekt/Porocilo.pdf" (13 pages, 1027544 bytes).
PDF statistics:
 242 PDF objects out of 1000 (max. 8388607)
 185 compressed objects within 2 object streams
 39 named destinations out of 1000 (max. 500000)
 169 words of extra memory for PDF output out of 10000 (max. 10000000)

